[INFO] [2017-05-17 12:27:27][org.springframework.beans.factory.xml.XmlBeanDefinitionReader]Loading XML bean definitions from class path resource [spring/spring-mybatis.xml]
  [INFO] [2017-05-17 12:27:27][org.springframework.context.support.GenericApplicationContext]Refreshing org.springframework.context.support.GenericApplicationContext@4475a0c6: startup date [Wed May 17 12:27:27 CST 2017]; root of context hierarchy
  [INFO] [2017-05-17 12:27:27][org.springframework.beans.factory.config.PropertyPlaceholderConfigurer]Loading properties file from class path resource [jdbc.properties]
  [INFO] [2017-05-17 12:27:27][org.springframework.beans.factory.annotation.AutowiredAnnotationBeanPostProcessor]JSR-330 'javax.inject.Inject' annotation found and supported for autowiring
  [INFO] [2017-05-17 12:27:28][org.springframework.context.support.GenericApplicationContext]Closing org.springframework.context.support.GenericApplicationContext@4475a0c6: startup date [Wed May 17 12:27:27 CST 2017]; root of context hierarchy
  [INFO] [2017-05-17 12:28:22][org.springframework.beans.factory.xml.XmlBeanDefinitionReader]Loading XML bean definitions from class path resource [spring/spring-mybatis.xml]
  [INFO] [2017-05-17 12:28:23][org.springframework.context.support.GenericApplicationContext]Refreshing org.springframework.context.support.GenericApplicationContext@4475a0c6: startup date [Wed May 17 12:28:23 CST 2017]; root of context hierarchy
  [INFO] [2017-05-17 12:28:23][org.springframework.beans.factory.config.PropertyPlaceholderConfigurer]Loading properties file from class path resource [jdbc.properties]
  [INFO] [2017-05-17 12:28:23][org.springframework.beans.factory.annotation.AutowiredAnnotationBeanPostProcessor]JSR-330 'javax.inject.Inject' annotation found and supported for autowiring
  [ERROR] [2017-05-17 12:28:23][org.springframework.test.context.TestContextManager]Caught exception while allowing TestExecutionListener [org.springframework.test.context.support.DependencyInjectionTestExecutionListener@367baa96] to prepare test instance [com.lt.petCommunity.dao.UserDaoTest@70fc79cb]
  java.lang.IllegalStateException: Failed to load ApplicationContext
	at org.springframework.test.context.CacheAwareContextLoaderDelegate.loadContext(CacheAwareContextLoaderDelegate.java:99)
	at org.springframework.test.context.DefaultTestContext.getApplicationContext(DefaultTestContext.java:101)
	at org.springframework.test.context.support.DependencyInjectionTestExecutionListener.injectDependencies(DependencyInjectionTestExecutionListener.java:109)
	at org.springframework.test.context.support.DependencyInjectionTestExecutionListener.prepareTestInstance(DependencyInjectionTestExecutionListener.java:75)
	at org.springframework.test.context.TestContextManager.prepareTestInstance(TestContextManager.java:319)
	at org.springframework.test.context.junit4.SpringJUnit4ClassRunner.createTest(SpringJUnit4ClassRunner.java:212)
	at org.springframework.test.context.junit4.SpringJUnit4ClassRunner$1.runReflectiveCall(SpringJUnit4ClassRunner.java:289)
	at org.junit.internal.runners.model.ReflectiveCallable.run(ReflectiveCallable.java:12)
	at org.springframework.test.context.junit4.SpringJUnit4ClassRunner.methodBlock(SpringJUnit4ClassRunner.java:291)
	at org.springframework.test.context.junit4.SpringJUnit4ClassRunner.runChild(SpringJUnit4ClassRunner.java:232)
	at org.springframework.test.context.junit4.SpringJUnit4ClassRunner.runChild(SpringJUnit4ClassRunner.java:89)
	at org.junit.runners.ParentRunner$3.run(ParentRunner.java:238)
	at org.junit.runners.ParentRunner$1.schedule(ParentRunner.java:63)
	at org.junit.runners.ParentRunner.runChildren(ParentRunner.java:236)
	at org.junit.runners.ParentRunner.access$000(ParentRunner.java:53)
	at org.junit.runners.ParentRunner$2.evaluate(ParentRunner.java:229)
	at org.springframework.test.context.junit4.statements.RunBeforeTestClassCallbacks.evaluate(RunBeforeTestClassCallbacks.java:61)
	at org.springframework.test.context.junit4.statements.RunAfterTestClassCallbacks.evaluate(RunAfterTestClassCallbacks.java:71)
	at org.junit.runners.ParentRunner.run(ParentRunner.java:309)
	at org.springframework.test.context.junit4.SpringJUnit4ClassRunner.run(SpringJUnit4ClassRunner.java:175)
	at org.eclipse.jdt.internal.junit4.runner.JUnit4TestReference.run(JUnit4TestReference.java:86)
	at org.eclipse.jdt.internal.junit.runner.TestExecution.run(TestExecution.java:38)
	at org.eclipse.jdt.internal.junit.runner.RemoteTestRunner.runTests(RemoteTestRunner.java:459)
	at org.eclipse.jdt.internal.junit.runner.RemoteTestRunner.runTests(RemoteTestRunner.java:675)
	at org.eclipse.jdt.internal.junit.runner.RemoteTestRunner.run(RemoteTestRunner.java:382)
	at org.eclipse.jdt.internal.junit.runner.RemoteTestRunner.main(RemoteTestRunner.java:192)
Caused by: org.springframework.beans.factory.BeanCreationException: Error creating bean with name 'sqlSessionFactory' defined in class path resource [spring/spring-mybatis.xml]: Invocation of init method failed; nested exception is org.springframework.core.NestedIOException: Failed to parse mapping resource: 'file [E:\petCommunity\target\classes\com\lt\mapping\AdminMapper.xml]'; nested exception is org.apache.ibatis.builder.BuilderException: Error creating document instance.  Cause: org.xml.sax.SAXParseException; lineNumber: 9; columnNumber: 57; ÂøÖÈ°ª‰∏∫ÂÖÉÁ¥†Á±ªÂûã "sql" Â£∞ÊòéÂ±ûÊÄß "resultMap"„ÄÇ
	at org.springframework.beans.factory.support.AbstractAutowireCapableBeanFactory.initializeBean(AbstractAutowireCapableBeanFactory.java:1553)
	at org.springframework.beans.factory.support.AbstractAutowireCapableBeanFactory.doCreateBean(AbstractAutowireCapableBeanFactory.java:539)
	at org.springframework.beans.factory.support.AbstractAutowireCapableBeanFactory.createBean(AbstractAutowireCapableBeanFactory.java:475)
	at org.springframework.beans.factory.support.AbstractBeanFactory$1.getObject(AbstractBeanFactory.java:304)
	at org.springframework.beans.factory.support.DefaultSingletonBeanRegistry.getSingleton(DefaultSingletonBeanRegistry.java:228)
	at org.springframework.beans.factory.support.AbstractBeanFactory.doGetBean(AbstractBeanFactory.java:300)
	at org.springframework.beans.factory.support.AbstractBeanFactory.getBean(AbstractBeanFactory.java:195)
	at org.springframework.beans.factory.support.DefaultListableBeanFactory.preInstantiateSingletons(DefaultListableBeanFactory.java:681)
	at org.springframework.context.support.AbstractApplicationContext.finishBeanFactoryInitialization(AbstractApplicationContext.java:760)
	at org.springframework.context.support.AbstractApplicationContext.refresh(AbstractApplicationContext.java:482)
	at org.springframework.test.context.support.AbstractGenericContextLoader.loadContext(AbstractGenericContextLoader.java:121)
	at org.springframework.test.context.support.AbstractGenericContextLoader.loadContext(AbstractGenericContextLoader.java:60)
	at org.springframework.test.context.support.AbstractDelegatingSmartContextLoader.delegateLoading(AbstractDelegatingSmartContextLoader.java:100)
	at org.springframework.test.context.support.AbstractDelegatingSmartContextLoader.loadContext(AbstractDelegatingSmartContextLoader.java:250)
	at org.springframework.test.context.CacheAwareContextLoaderDelegate.loadContextInternal(CacheAwareContextLoaderDelegate.java:64)
	at org.springframework.test.context.CacheAwareContextLoaderDelegate.loadContext(CacheAwareContextLoaderDelegate.java:91)
	... 25 more
Caused by: org.springframework.core.NestedIOException: Failed to parse mapping resource: 'file [E:\petCommunity\target\classes\com\lt\mapping\AdminMapper.xml]'; nested exception is org.apache.ibatis.builder.BuilderException: Error creating document instance.  Cause: org.xml.sax.SAXParseException; lineNumber: 9; columnNumber: 57; ÂøÖÈ°ª‰∏∫ÂÖÉÁ¥†Á±ªÂûã "sql" Â£∞ÊòéÂ±ûÊÄß "resultMap"„ÄÇ
	at org.mybatis.spring.SqlSessionFactoryBean.buildSqlSessionFactory(SqlSessionFactoryBean.java:466)
	at org.mybatis.spring.SqlSessionFactoryBean.afterPropertiesSet(SqlSessionFactoryBean.java:340)
	at org.springframework.beans.factory.support.AbstractAutowireCapableBeanFactory.invokeInitMethods(AbstractAutowireCapableBeanFactory.java:1612)
	at org.springframework.beans.factory.support.AbstractAutowireCapableBeanFactory.initializeBean(AbstractAutowireCapableBeanFactory.java:1549)
	... 40 more
Caused by: org.apache.ibatis.builder.BuilderException: Error creating document instance.  Cause: org.xml.sax.SAXParseException; lineNumber: 9; columnNumber: 57; ÂøÖÈ°ª‰∏∫ÂÖÉÁ¥†Á±ªÂûã "sql" Â£∞ÊòéÂ±ûÊÄß "resultMap"„ÄÇ
	at org.apache.ibatis.parsing.XPathParser.createDocument(XPathParser.java:256)
	at org.apache.ibatis.parsing.XPathParser.<init>(XPathParser.java:125)
	at org.apache.ibatis.builder.xml.XMLMapperBuilder.<init>(XMLMapperBuilder.java:78)
	at org.mybatis.spring.SqlSessionFactoryBean.buildSqlSessionFactory(SqlSessionFactoryBean.java:462)
	... 43 more
Caused by: org.xml.sax.SAXParseException; lineNumber: 9; columnNumber: 57; ÂøÖÈ°ª‰∏∫ÂÖÉÁ¥†Á±ªÂûã "sql" Â£∞ÊòéÂ±ûÊÄß "resultMap"„ÄÇ
	at com.sun.org.apache.xerces.internal.util.ErrorHandlerWrapper.createSAXParseException(ErrorHandlerWrapper.java:198)
	at com.sun.org.apache.xerces.internal.util.ErrorHandlerWrapper.error(ErrorHandlerWrapper.java:134)
	at com.sun.org.apache.xerces.internal.impl.XMLErrorReporter.reportError(XMLErrorReporter.java:437)
	at com.sun.org.apache.xerces.internal.impl.XMLErrorReporter.reportError(XMLErrorReporter.java:368)
	at com.sun.org.apache.xerces.internal.impl.XMLErrorReporter.reportError(XMLErrorReporter.java:325)
	at com.sun.org.apache.xerces.internal.impl.dtd.XMLDTDValidator.addDTDDefaultAttrsAndValidate(XMLDTDValidator.java:1253)
	at com.sun.org.apache.xerces.internal.impl.dtd.XMLDTDValidator.handleStartElement(XMLDTDValidator.java:1917)
	at com.sun.org.apache.xerces.internal.impl.dtd.XMLDTDValidator.startElement(XMLDTDValidator.java:742)
	at com.sun.org.apache.xerces.internal.impl.XMLDocumentFragmentScannerImpl.scanStartElement(XMLDocumentFragmentScannerImpl.java:1323)
	at com.sun.org.apache.xerces.internal.impl.XMLDocumentFragmentScannerImpl$FragmentContentDriver.next(XMLDocumentFragmentScannerImpl.java:2717)
	at com.sun.org.apache.xerces.internal.impl.XMLDocumentScannerImpl.next(XMLDocumentScannerImpl.java:607)
	at com.sun.org.apache.xerces.internal.impl.XMLDocumentFragmentScannerImpl.scanDocument(XMLDocumentFragmentScannerImpl.java:489)
	at com.sun.org.apache.xerces.internal.parsers.XML11Configuration.parse(XML11Configuration.java:835)
	at com.sun.org.apache.xerces.internal.parsers.XML11Configuration.parse(XML11Configuration.java:764)
	at com.sun.org.apache.xerces.internal.parsers.XMLParser.parse(XMLParser.java:123)
	at com.sun.org.apache.xerces.internal.parsers.DOMParser.parse(DOMParser.java:237)
	at com.sun.org.apache.xerces.internal.jaxp.DocumentBuilderImpl.parse(DocumentBuilderImpl.java:300)
	at org.apache.ibatis.parsing.XPathParser.createDocument(XPathParser.java:254)
	... 46 more
[INFO] [2017-05-17 12:29:53][org.springframework.beans.factory.xml.XmlBeanDefinitionReader]Loading XML bean definitions from class path resource [spring/spring-mybatis.xml]
  [INFO] [2017-05-17 12:29:54][org.springframework.context.support.GenericApplicationContext]Refreshing org.springframework.context.support.GenericApplicationContext@4475a0c6: startup date [Wed May 17 12:29:54 CST 2017]; root of context hierarchy
  [INFO] [2017-05-17 12:29:54][org.springframework.beans.factory.config.PropertyPlaceholderConfigurer]Loading properties file from class path resource [jdbc.properties]
  [INFO] [2017-05-17 12:29:54][org.springframework.beans.factory.annotation.AutowiredAnnotationBeanPostProcessor]JSR-330 'javax.inject.Inject' annotation found and supported for autowiring
  [INFO] [2017-05-17 12:29:54][com.lt.petCommunity.dao.UserDaoTest]{"userage":0,"userid":1,"username":"test","userpassword":"test","usersex":0,"userupdatetime":1494779499000}
  [INFO] [2017-05-17 12:29:54][com.lt.petCommunity.dao.UserDaoTest]{"userage":0,"userid":2,"username":"","userpassword":"","usersex":0,"userupdatetime":1494850583000}
  [INFO] [2017-05-17 12:29:54][com.lt.petCommunity.dao.UserDaoTest]{"userage":0,"userid":3,"username":"ËàíÊúçËàíÊúç","userpassword":"ÊòØÊòØ","usersex":0,"userupdatetime":1494851010000}
  [INFO] [2017-05-17 12:29:54][com.lt.petCommunity.dao.UserDaoTest]{"userage":0,"userid":4,"username":"È°∫È£éÈ°∫Ê∞¥","userpassword":"ÊòØÊòØÊòØ","usersex":0,"userupdatetime":1494851130000}
  [INFO] [2017-05-17 12:29:54][com.lt.petCommunity.dao.UserDaoTest]{"userage":0,"userid":5,"username":"ÂïäÂèëÂèë","userpassword":"ÂïäÂïä","usersex":0,"userupdatetime":1494851200000}
  [INFO] [2017-05-17 12:29:54][com.lt.petCommunity.dao.UserDaoTest]{"userage":0,"userid":6,"username":"ddd","userpassword":"(nullËÇ•ÂòüÂòü)","usersex":0,"userupdatetime":1494854988000}
  [INFO] [2017-05-17 12:29:54][com.lt.petCommunity.dao.UserDaoTest]{"userage":0,"userid":7,"username":"ÂèëËææ","userpassword":"(null)Âïä","usersex":0,"userupdatetime":1494855176000}
  [INFO] [2017-05-17 12:29:54][com.lt.petCommunity.dao.UserDaoTest]{"userage":0,"userid":8,"username":"ÈòøÂèë","userpassword":"(null)È°∂È°∂È°∂È°∂","usersex":0,"userupdatetime":1494855219000}
  [INFO] [2017-05-17 12:29:54][org.springframework.context.support.GenericApplicationContext]Closing org.springframework.context.support.GenericApplicationContext@4475a0c6: startup date [Wed May 17 12:29:54 CST 2017]; root of context hierarchy
  [INFO] [2017-05-18 14:12:41][org.springframework.beans.factory.xml.XmlBeanDefinitionReader]Loading XML bean definitions from class path resource [spring/spring-mybatis.xml]
  [INFO] [2017-05-18 14:12:41][org.springframework.context.support.GenericApplicationContext]Refreshing org.springframework.context.support.GenericApplicationContext@14377358: startup date [Thu May 18 14:12:41 CST 2017]; root of context hierarchy
  [INFO] [2017-05-18 14:12:41][org.springframework.beans.factory.config.PropertyPlaceholderConfigurer]Loading properties file from class path resource [jdbc.properties]
  [INFO] [2017-05-18 14:12:41][org.springframework.beans.factory.annotation.AutowiredAnnotationBeanPostProcessor]JSR-330 'javax.inject.Inject' annotation found and supported for autowiring
  [INFO] [2017-05-18 14:12:42][com.lt.petCommunity.dao.UserDaoTest]{"userage":0,"userid":1,"username":"test","userpassword":"test","usersex":0,"userupdatetime":1494779499000}
  [INFO] [2017-05-18 14:12:42][com.lt.petCommunity.dao.UserDaoTest]{"userage":0,"userid":2,"username":"","userpassword":"","usersex":0,"userupdatetime":1494850583000}
  [INFO] [2017-05-18 14:12:42][com.lt.petCommunity.dao.UserDaoTest]{"userage":0,"userid":3,"username":"ËàíÊúçËàíÊúç","userpassword":"ÊòØÊòØ","usersex":0,"userupdatetime":1494851010000}
  [INFO] [2017-05-18 14:12:42][com.lt.petCommunity.dao.UserDaoTest]{"userage":0,"userid":4,"username":"È°∫È£éÈ°∫Ê∞¥","userpassword":"ÊòØÊòØÊòØ","usersex":0,"userupdatetime":1494851130000}
  [INFO] [2017-05-18 14:12:42][com.lt.petCommunity.dao.UserDaoTest]{"userage":0,"userid":5,"username":"ÂïäÂèëÂèë","userpassword":"ÂïäÂïä","usersex":0,"userupdatetime":1494851200000}
  [INFO] [2017-05-18 14:12:42][com.lt.petCommunity.dao.UserDaoTest]{"userage":0,"userid":6,"username":"ddd","userpassword":"(nullËÇ•ÂòüÂòü)","usersex":0,"userupdatetime":1494854988000}
  [INFO] [2017-05-18 14:12:42][com.lt.petCommunity.dao.UserDaoTest]{"userage":0,"userid":7,"username":"ÂèëËææ","userpassword":"(null)Âïä","usersex":0,"userupdatetime":1494855176000}
  [INFO] [2017-05-18 14:12:42][com.lt.petCommunity.dao.UserDaoTest]{"userage":0,"userid":8,"username":"ÈòøÂèë","userpassword":"(null)È°∂È°∂È°∂È°∂","usersex":0,"userupdatetime":1494855219000}
  [INFO] [2017-05-18 14:12:42][org.springframework.context.support.GenericApplicationContext]Closing org.springframework.context.support.GenericApplicationContext@14377358: startup date [Thu May 18 14:12:41 CST 2017]; root of context hierarchy
  [INFO] [2017-05-18 14:15:27][org.springframework.beans.factory.xml.XmlBeanDefinitionReader]Loading XML bean definitions from class path resource [spring/spring-mybatis.xml]
  [INFO] [2017-05-18 14:15:27][org.springframework.context.support.GenericApplicationContext]Refreshing org.springframework.context.support.GenericApplicationContext@14377358: startup date [Thu May 18 14:15:27 CST 2017]; root of context hierarchy
  [INFO] [2017-05-18 14:15:27][org.springframework.beans.factory.config.PropertyPlaceholderConfigurer]Loading properties file from class path resource [jdbc.properties]
  [INFO] [2017-05-18 14:15:27][org.springframework.beans.factory.annotation.AutowiredAnnotationBeanPostProcessor]JSR-330 'javax.inject.Inject' annotation found and supported for autowiring
  [INFO] [2017-05-18 14:15:28][org.springframework.context.support.GenericApplicationContext]Closing org.springframework.context.support.GenericApplicationContext@14377358: startup date [Thu May 18 14:15:27 CST 2017]; root of context hierarchy
  [INFO] [2017-05-21 09:20:16][org.springframework.beans.factory.xml.XmlBeanDefinitionReader]Loading XML bean definitions from class path resource [spring/spring-mybatis.xml]
  [INFO] [2017-05-21 09:20:16][org.springframework.context.support.GenericApplicationContext]Refreshing org.springframework.context.support.GenericApplicationContext@7e4736ab: startup date [Sun May 21 09:20:16 CST 2017]; root of context hierarchy
  [INFO] [2017-05-21 09:20:16][org.springframework.beans.factory.config.PropertyPlaceholderConfigurer]Loading properties file from class path resource [jdbc.properties]
  [INFO] [2017-05-21 09:20:16][org.springframework.beans.factory.annotation.AutowiredAnnotationBeanPostProcessor]JSR-330 'javax.inject.Inject' annotation found and supported for autowiring
  [INFO] [2017-05-21 09:20:17][org.springframework.context.support.GenericApplicationContext]Closing org.springframework.context.support.GenericApplicationContext@7e4736ab: startup date [Sun May 21 09:20:16 CST 2017]; root of context hierarchy
  [INFO] [2017-05-21 09:24:02][org.springframework.beans.factory.xml.XmlBeanDefinitionReader]Loading XML bean definitions from class path resource [spring/spring-mybatis.xml]
  [INFO] [2017-05-21 09:24:02][org.springframework.context.support.GenericApplicationContext]Refreshing org.springframework.context.support.GenericApplicationContext@75565551: startup date [Sun May 21 09:24:02 CST 2017]; root of context hierarchy
  [INFO] [2017-05-21 09:24:02][org.springframework.beans.factory.config.PropertyPlaceholderConfigurer]Loading properties file from class path resource [jdbc.properties]
  [INFO] [2017-05-21 09:24:02][org.springframework.beans.factory.annotation.AutowiredAnnotationBeanPostProcessor]JSR-330 'javax.inject.Inject' annotation found and supported for autowiring
  [INFO] [2017-05-21 09:24:03][org.springframework.context.support.GenericApplicationContext]Closing org.springframework.context.support.GenericApplicationContext@75565551: startup date [Sun May 21 09:24:02 CST 2017]; root of context hierarchy
  [INFO] [2017-05-21 09:49:26][org.springframework.beans.factory.xml.XmlBeanDefinitionReader]Loading XML bean definitions from class path resource [spring/spring-mybatis.xml]
  [INFO] [2017-05-21 09:49:26][org.springframework.context.support.GenericApplicationContext]Refreshing org.springframework.context.support.GenericApplicationContext@5c084322: startup date [Sun May 21 09:49:26 CST 2017]; root of context hierarchy
  [INFO] [2017-05-21 09:49:27][org.springframework.beans.factory.config.PropertyPlaceholderConfigurer]Loading properties file from class path resource [jdbc.properties]
  [INFO] [2017-05-21 09:49:27][org.springframework.beans.factory.annotation.AutowiredAnnotationBeanPostProcessor]JSR-330 'javax.inject.Inject' annotation found and supported for autowiring
  [INFO] [2017-05-21 09:49:27][org.springframework.context.support.GenericApplicationContext]Closing org.springframework.context.support.GenericApplicationContext@5c084322: startup date [Sun May 21 09:49:26 CST 2017]; root of context hierarchy
  [INFO] [2017-05-21 09:51:35][org.springframework.beans.factory.xml.XmlBeanDefinitionReader]Loading XML bean definitions from class path resource [spring/spring-mybatis.xml]
  [INFO] [2017-05-21 09:51:35][org.springframework.context.support.GenericApplicationContext]Refreshing org.springframework.context.support.GenericApplicationContext@226f9c62: startup date [Sun May 21 09:51:35 CST 2017]; root of context hierarchy
  [INFO] [2017-05-21 09:51:35][org.springframework.beans.factory.config.PropertyPlaceholderConfigurer]Loading properties file from class path resource [jdbc.properties]
  [INFO] [2017-05-21 09:51:35][org.springframework.beans.factory.annotation.AutowiredAnnotationBeanPostProcessor]JSR-330 'javax.inject.Inject' annotation found and supported for autowiring
  [INFO] [2017-05-21 09:51:36][org.springframework.context.support.GenericApplicationContext]Closing org.springframework.context.support.GenericApplicationContext@226f9c62: startup date [Sun May 21 09:51:35 CST 2017]; root of context hierarchy
  [INFO] [2017-05-21 09:51:53][org.springframework.beans.factory.xml.XmlBeanDefinitionReader]Loading XML bean definitions from class path resource [spring/spring-mybatis.xml]
  [INFO] [2017-05-21 09:51:53][org.springframework.context.support.GenericApplicationContext]Refreshing org.springframework.context.support.GenericApplicationContext@5c084322: startup date [Sun May 21 09:51:53 CST 2017]; root of context hierarchy
  [INFO] [2017-05-21 09:51:53][org.springframework.beans.factory.config.PropertyPlaceholderConfigurer]Loading properties file from class path resource [jdbc.properties]
  [INFO] [2017-05-21 09:51:53][org.springframework.beans.factory.annotation.AutowiredAnnotationBeanPostProcessor]JSR-330 'javax.inject.Inject' annotation found and supported for autowiring
  [INFO] [2017-05-21 09:51:54][org.springframework.context.support.GenericApplicationContext]Closing org.springframework.context.support.GenericApplicationContext@5c084322: startup date [Sun May 21 09:51:53 CST 2017]; root of context hierarchy
  [INFO] [2017-05-21 09:52:23][org.springframework.beans.factory.xml.XmlBeanDefinitionReader]Loading XML bean definitions from class path resource [spring/spring-mybatis.xml]
  [INFO] [2017-05-21 09:52:23][org.springframework.context.support.GenericApplicationContext]Refreshing org.springframework.context.support.GenericApplicationContext@5c084322: startup date [Sun May 21 09:52:23 CST 2017]; root of context hierarchy
  [INFO] [2017-05-21 09:52:23][org.springframework.beans.factory.config.PropertyPlaceholderConfigurer]Loading properties file from class path resource [jdbc.properties]
  [INFO] [2017-05-21 09:52:24][org.springframework.beans.factory.annotation.AutowiredAnnotationBeanPostProcessor]JSR-330 'javax.inject.Inject' annotation found and supported for autowiring
  [INFO] [2017-05-21 09:52:24][org.springframework.context.support.GenericApplicationContext]Closing org.springframework.context.support.GenericApplicationContext@5c084322: startup date [Sun May 21 09:52:23 CST 2017]; root of context hierarchy
  [INFO] [2017-05-21 21:17:43][org.springframework.beans.factory.xml.XmlBeanDefinitionReader]Loading XML bean definitions from class path resource [spring/spring-mybatis.xml]
  [INFO] [2017-05-21 21:17:44][org.springframework.context.support.GenericApplicationContext]Refreshing org.springframework.context.support.GenericApplicationContext@771d0054: startup date [Sun May 21 21:17:44 CST 2017]; root of context hierarchy
  [INFO] [2017-05-21 21:17:44][org.springframework.beans.factory.config.PropertyPlaceholderConfigurer]Loading properties file from class path resource [jdbc.properties]
  [INFO] [2017-05-21 21:17:44][org.springframework.beans.factory.annotation.AutowiredAnnotationBeanPostProcessor]JSR-330 'javax.inject.Inject' annotation found and supported for autowiring
  [INFO] [2017-05-21 21:17:44][com.lt.petCommunity.dao.UserDaoTest]{"userage":0,"userid":1,"username":"test","userpassword":"test","usersex":0,"userupdatetime":1494779499000}
  [INFO] [2017-05-21 21:17:44][com.lt.petCommunity.dao.UserDaoTest]{"userage":0,"userid":2,"username":"","userpassword":"","usersex":0,"userupdatetime":1494850583000}
  [INFO] [2017-05-21 21:17:44][com.lt.petCommunity.dao.UserDaoTest]{"userage":0,"userid":3,"username":" Ê∑˛ Ê∑˛","userpassword":" « «","usersex":0,"userupdatetime":1494851010000}
  [INFO] [2017-05-21 21:17:44][com.lt.petCommunity.dao.UserDaoTest]{"userage":0,"userid":4,"username":"À≥∑ÁÀ≥ÀÆ","userpassword":" « « «","usersex":0,"userupdatetime":1494851130000}
  [INFO] [2017-05-21 21:17:44][com.lt.petCommunity.dao.UserDaoTest]{"userage":0,"userid":5,"username":"∞°∑¢∑¢","userpassword":"∞°∞°","usersex":0,"userupdatetime":1494851200000}
  [INFO] [2017-05-21 21:17:44][com.lt.petCommunity.dao.UserDaoTest]{"userage":0,"userid":6,"username":"ddd","userpassword":"(null∑ ‡Ω‡Ω)","usersex":0,"userupdatetime":1494854988000}
  [INFO] [2017-05-21 21:17:44][com.lt.petCommunity.dao.UserDaoTest]{"userage":0,"userid":7,"username":"∑¢¥Ô","userpassword":"(null)∞°","usersex":0,"userupdatetime":1494855176000}
  [INFO] [2017-05-21 21:17:44][com.lt.petCommunity.dao.UserDaoTest]{"userage":0,"userid":8,"username":"∞¢∑¢","userpassword":"(null)∂•∂•∂•∂•","usersex":0,"userupdatetime":1494855219000}
  [INFO] [2017-05-21 21:17:45][org.springframework.context.support.GenericApplicationContext]Closing org.springframework.context.support.GenericApplicationContext@771d0054: startup date [Sun May 21 21:17:44 CST 2017]; root of context hierarchy
  [INFO] [2017-05-21 22:37:36][org.springframework.beans.factory.xml.XmlBeanDefinitionReader]Loading XML bean definitions from class path resource [spring/spring-mybatis.xml]
  [INFO] [2017-05-21 22:37:36][org.springframework.context.support.GenericApplicationContext]Refreshing org.springframework.context.support.GenericApplicationContext@4e9222f0: startup date [Sun May 21 22:37:36 CST 2017]; root of context hierarchy
  [INFO] [2017-05-21 22:37:36][org.springframework.beans.factory.config.PropertyPlaceholderConfigurer]Loading properties file from class path resource [jdbc.properties]
  [INFO] [2017-05-21 22:37:36][org.springframework.beans.factory.annotation.AutowiredAnnotationBeanPostProcessor]JSR-330 'javax.inject.Inject' annotation found and supported for autowiring
  [INFO] [2017-05-21 22:37:37][com.lt.petCommunity.dao.UserDaoTest]{"userage":0,"userid":1,"username":"test","userpassword":"test","usersex":0,"userupdatetime":1494779499000}
  [INFO] [2017-05-21 22:37:37][com.lt.petCommunity.dao.UserDaoTest]{"userage":0,"userid":2,"username":"","userpassword":"","usersex":0,"userupdatetime":1494850583000}
  [INFO] [2017-05-21 22:37:37][com.lt.petCommunity.dao.UserDaoTest]{"userage":0,"userid":3,"username":"ËàíÊúçËàíÊúç","userpassword":"ÊòØÊòØ","usersex":0,"userupdatetime":1494851010000}
  [INFO] [2017-05-21 22:37:37][com.lt.petCommunity.dao.UserDaoTest]{"userage":0,"userid":4,"username":"È°∫È£éÈ°∫Ê∞¥","userpassword":"ÊòØÊòØÊòØ","usersex":0,"userupdatetime":1494851130000}
  [INFO] [2017-05-21 22:37:37][com.lt.petCommunity.dao.UserDaoTest]{"userage":0,"userid":5,"username":"???","userpassword":"123","usersex":0,"userupdatetime":1494851200000}
  [INFO] [2017-05-21 22:37:37][com.lt.petCommunity.dao.UserDaoTest]{"userage":0,"userid":6,"username":"ddd","userpassword":"123","usersex":0,"userupdatetime":1494854988000}
  [INFO] [2017-05-21 22:37:37][com.lt.petCommunity.dao.UserDaoTest]{"userage":0,"userid":7,"username":"ÂèëËææ","userpassword":"(null)Âïä","usersex":0,"userupdatetime":1494855176000}
  [INFO] [2017-05-21 22:37:37][com.lt.petCommunity.dao.UserDaoTest]{"userage":0,"userid":8,"username":"??","userpassword":"123","usersex":0,"userupdatetime":1494855219000}
  [INFO] [2017-05-21 22:37:37][org.springframework.context.support.GenericApplicationContext]Closing org.springframework.context.support.GenericApplicationContext@4e9222f0: startup date [Sun May 21 22:37:36 CST 2017]; root of context hierarchy
  [INFO] [2017-05-21 22:46:14][org.springframework.beans.factory.xml.XmlBeanDefinitionReader]Loading XML bean definitions from class path resource [spring/spring-mybatis.xml]
  [INFO] [2017-05-21 22:46:14][org.springframework.context.support.GenericApplicationContext]Refreshing org.springframework.context.support.GenericApplicationContext@7e4736ab: startup date [Sun May 21 22:46:14 CST 2017]; root of context hierarchy
  [INFO] [2017-05-21 22:46:15][org.springframework.beans.factory.config.PropertyPlaceholderConfigurer]Loading properties file from class path resource [jdbc.properties]
  [INFO] [2017-05-21 22:46:15][org.springframework.beans.factory.annotation.AutowiredAnnotationBeanPostProcessor]JSR-330 'javax.inject.Inject' annotation found and supported for autowiring
  [INFO] [2017-05-21 22:46:15][com.lt.petCommunity.dao.UserDaoTest]{"userage":0,"userid":1,"username":"test","userpassword":"test","usersex":0,"userupdatetime":1494779499000}
  [INFO] [2017-05-21 22:46:15][com.lt.petCommunity.dao.UserDaoTest]{"userage":0,"userid":2,"username":"","userpassword":"","usersex":0,"userupdatetime":1494850583000}
  [INFO] [2017-05-21 22:46:15][com.lt.petCommunity.dao.UserDaoTest]{"userage":0,"userid":3,"username":"ËàíÊúçËàíÊúç","userpassword":"ÊòØÊòØ","usersex":0,"userupdatetime":1494851010000}
  [INFO] [2017-05-21 22:46:15][com.lt.petCommunity.dao.UserDaoTest]{"userage":0,"userid":4,"username":"È°∫È£éÈ°∫Ê∞¥","userpassword":"ÊòØÊòØÊòØ","usersex":0,"userupdatetime":1494851130000}
  [INFO] [2017-05-21 22:46:15][com.lt.petCommunity.dao.UserDaoTest]{"userage":0,"userid":5,"username":"???","userpassword":"123","usersex":0,"userupdatetime":1494851200000}
  [INFO] [2017-05-21 22:46:15][com.lt.petCommunity.dao.UserDaoTest]{"userage":0,"userid":6,"username":"ddd","userpassword":"123","usersex":0,"userupdatetime":1494854988000}
  [INFO] [2017-05-21 22:46:15][com.lt.petCommunity.dao.UserDaoTest]{"userage":0,"userid":7,"username":"ÂèëËææ","userpassword":"123","usersex":0,"userupdatetime":1494855176000}
  [INFO] [2017-05-21 22:46:15][com.lt.petCommunity.dao.UserDaoTest]{"userage":0,"userid":8,"username":"??","userpassword":"123","usersex":0,"userupdatetime":1494855219000}
  [INFO] [2017-05-21 22:46:15][org.springframework.context.support.GenericApplicationContext]Closing org.springframework.context.support.GenericApplicationContext@7e4736ab: startup date [Sun May 21 22:46:14 CST 2017]; root of context hierarchy
  [INFO] [2017-05-21 22:48:39][org.springframework.beans.factory.xml.XmlBeanDefinitionReader]Loading XML bean definitions from class path resource [spring/spring-mybatis.xml]
  [INFO] [2017-05-21 22:48:40][org.springframework.context.support.GenericApplicationContext]Refreshing org.springframework.context.support.GenericApplicationContext@3bb779cf: startup date [Sun May 21 22:48:40 CST 2017]; root of context hierarchy
  [INFO] [2017-05-21 22:48:40][org.springframework.beans.factory.config.PropertyPlaceholderConfigurer]Loading properties file from class path resource [jdbc.properties]
  [INFO] [2017-05-21 22:48:40][org.springframework.beans.factory.annotation.AutowiredAnnotationBeanPostProcessor]JSR-330 'javax.inject.Inject' annotation found and supported for autowiring
  [INFO] [2017-05-21 22:48:41][org.springframework.context.support.GenericApplicationContext]Closing org.springframework.context.support.GenericApplicationContext@3bb779cf: startup date [Sun May 21 22:48:40 CST 2017]; root of context hierarchy
  [INFO] [2017-05-21 22:48:55][org.springframework.beans.factory.xml.XmlBeanDefinitionReader]Loading XML bean definitions from class path resource [spring/spring-mybatis.xml]
  [INFO] [2017-05-21 22:48:55][org.springframework.context.support.GenericApplicationContext]Refreshing org.springframework.context.support.GenericApplicationContext@3bb779cf: startup date [Sun May 21 22:48:55 CST 2017]; root of context hierarchy
  [INFO] [2017-05-21 22:48:55][org.springframework.beans.factory.config.PropertyPlaceholderConfigurer]Loading properties file from class path resource [jdbc.properties]
  [INFO] [2017-05-21 22:48:55][org.springframework.beans.factory.annotation.AutowiredAnnotationBeanPostProcessor]JSR-330 'javax.inject.Inject' annotation found and supported for autowiring
  [INFO] [2017-05-21 22:48:56][org.springframework.beans.factory.xml.XmlBeanDefinitionReader]Loading XML bean definitions from class path resource [org/springframework/jdbc/support/sql-error-codes.xml]
  [INFO] [2017-05-21 22:48:56][org.springframework.jdbc.support.SQLErrorCodesFactory]SQLErrorCodes loaded: [DB2, Derby, H2, HSQL, Informix, MS-SQL, MySQL, Oracle, PostgreSQL, Sybase]
  [INFO] [2017-05-21 22:48:56][org.springframework.context.support.GenericApplicationContext]Closing org.springframework.context.support.GenericApplicationContext@3bb779cf: startup date [Sun May 21 22:48:55 CST 2017]; root of context hierarchy
  [INFO] [2017-05-22 00:29:03][org.springframework.beans.factory.xml.XmlBeanDefinitionReader]Loading XML bean definitions from class path resource [spring/spring-mybatis.xml]
  [INFO] [2017-05-22 00:29:03][org.springframework.context.support.GenericApplicationContext]Refreshing org.springframework.context.support.GenericApplicationContext@4edc8de9: startup date [Mon May 22 00:29:03 CST 2017]; root of context hierarchy
  [INFO] [2017-05-22 00:29:03][org.springframework.beans.factory.config.PropertyPlaceholderConfigurer]Loading properties file from class path resource [jdbc.properties]
  [INFO] [2017-05-22 00:29:03][org.springframework.beans.factory.annotation.AutowiredAnnotationBeanPostProcessor]JSR-330 'javax.inject.Inject' annotation found and supported for autowiring
  [INFO] [2017-05-22 00:29:04][com.lt.petCommunity.dao.UserDaoTest]{"userage":0,"userid":1,"username":"test","userpassword":"test","usersex":0,"userupdatetime":1494779499000}
  [INFO] [2017-05-22 00:29:04][com.lt.petCommunity.dao.UserDaoTest]{"userage":0,"userid":3,"username":" Ê∑˛ Ê∑˛","userpassword":" « «","usersex":0,"userupdatetime":1494851010000}
  [INFO] [2017-05-22 00:29:04][com.lt.petCommunity.dao.UserDaoTest]{"userage":0,"userid":4,"username":"À≥∑ÁÀ≥ÀÆ","userpassword":" « « «","usersex":0,"userupdatetime":1494851130000}
  [INFO] [2017-05-22 00:29:04][com.lt.petCommunity.dao.UserDaoTest]{"userage":0,"userid":6,"username":"ddd","userpassword":"123","usersex":0,"userupdatetime":1494854988000}
  [INFO] [2017-05-22 00:29:04][com.lt.petCommunity.dao.UserDaoTest]{"userage":0,"userid":7,"username":"∑¢¥Ô","userpassword":"123","usersex":0,"userupdatetime":1494855176000}
  [INFO] [2017-05-22 00:29:04][org.springframework.context.support.GenericApplicationContext]Closing org.springframework.context.support.GenericApplicationContext@4edc8de9: startup date [Mon May 22 00:29:03 CST 2017]; root of context hierarchy
  [INFO] [2017-05-23 23:31:38][org.springframework.beans.factory.xml.XmlBeanDefinitionReader]Loading XML bean definitions from class path resource [spring/spring-mybatis.xml]
  [INFO] [2017-05-23 23:31:38][org.springframework.context.support.GenericApplicationContext]Refreshing org.springframework.context.support.GenericApplicationContext@68e4a47: startup date [Tue May 23 23:31:38 CST 2017]; root of context hierarchy
  [INFO] [2017-05-23 23:31:39][org.springframework.beans.factory.config.PropertyPlaceholderConfigurer]Loading properties file from class path resource [jdbc.properties]
  [INFO] [2017-05-23 23:31:39][org.springframework.beans.factory.annotation.AutowiredAnnotationBeanPostProcessor]JSR-330 'javax.inject.Inject' annotation found and supported for autowiring
  [INFO] [2017-05-23 23:31:40][org.springframework.context.support.GenericApplicationContext]Closing org.springframework.context.support.GenericApplicationContext@68e4a47: startup date [Tue May 23 23:31:38 CST 2017]; root of context hierarchy
  [INFO] [2017-05-31 12:47:04][org.springframework.beans.factory.xml.XmlBeanDefinitionReader]Loading XML bean definitions from class path resource [spring/spring-mybatis.xml]
  [INFO] [2017-05-31 12:47:04][org.springframework.context.support.GenericApplicationContext]Refreshing org.springframework.context.support.GenericApplicationContext@67ae7ead: startup date [Wed May 31 12:47:04 CST 2017]; root of context hierarchy
  [INFO] [2017-05-31 12:47:04][org.springframework.beans.factory.config.PropertyPlaceholderConfigurer]Loading properties file from class path resource [jdbc.properties]
  [INFO] [2017-05-31 12:47:04][org.springframework.beans.factory.annotation.AutowiredAnnotationBeanPostProcessor]JSR-330 'javax.inject.Inject' annotation found and supported for autowiring
  [INFO] [2017-05-31 12:47:05][org.springframework.context.support.GenericApplicationContext]Closing org.springframework.context.support.GenericApplicationContext@67ae7ead: startup date [Wed May 31 12:47:04 CST 2017]; root of context hierarchy
  [INFO] [2017-06-13 12:58:43][org.springframework.beans.factory.xml.XmlBeanDefinitionReader]Loading XML bean definitions from class path resource [spring/spring-mybatis.xml]
  [INFO] [2017-06-13 12:58:44][org.springframework.context.support.GenericApplicationContext]Refreshing org.springframework.context.support.GenericApplicationContext@36b98809: startup date [Tue Jun 13 12:58:44 CST 2017]; root of context hierarchy
  [INFO] [2017-06-13 12:58:44][org.springframework.beans.factory.config.PropertyPlaceholderConfigurer]Loading properties file from class path resource [jdbc.properties]
  [INFO] [2017-06-13 12:58:44][org.springframework.beans.factory.annotation.AutowiredAnnotationBeanPostProcessor]JSR-330 'javax.inject.Inject' annotation found and supported for autowiring
  [INFO] [2017-06-13 12:58:45][org.springframework.beans.factory.xml.XmlBeanDefinitionReader]Loading XML bean definitions from class path resource [org/springframework/jdbc/support/sql-error-codes.xml]
  [INFO] [2017-06-13 12:58:45][org.springframework.jdbc.support.SQLErrorCodesFactory]SQLErrorCodes loaded: [DB2, Derby, H2, HSQL, Informix, MS-SQL, MySQL, Oracle, PostgreSQL, Sybase]
  [INFO] [2017-06-13 12:58:45][org.springframework.context.support.GenericApplicationContext]Closing org.springframework.context.support.GenericApplicationContext@36b98809: startup date [Tue Jun 13 12:58:44 CST 2017]; root of context hierarchy
  [INFO] [2017-06-13 12:59:09][org.springframework.beans.factory.xml.XmlBeanDefinitionReader]Loading XML bean definitions from class path resource [spring/spring-mybatis.xml]
  [INFO] [2017-06-13 12:59:09][org.springframework.context.support.GenericApplicationContext]Refreshing org.springframework.context.support.GenericApplicationContext@36b98809: startup date [Tue Jun 13 12:59:09 CST 2017]; root of context hierarchy
  [INFO] [2017-06-13 12:59:10][org.springframework.beans.factory.config.PropertyPlaceholderConfigurer]Loading properties file from class path resource [jdbc.properties]
  [INFO] [2017-06-13 12:59:10][org.springframework.beans.factory.annotation.AutowiredAnnotationBeanPostProcessor]JSR-330 'javax.inject.Inject' annotation found and supported for autowiring
  [INFO] [2017-06-13 12:59:10][org.springframework.beans.factory.xml.XmlBeanDefinitionReader]Loading XML bean definitions from class path resource [org/springframework/jdbc/support/sql-error-codes.xml]
  [INFO] [2017-06-13 12:59:10][org.springframework.jdbc.support.SQLErrorCodesFactory]SQLErrorCodes loaded: [DB2, Derby, H2, HSQL, Informix, MS-SQL, MySQL, Oracle, PostgreSQL, Sybase]
  [INFO] [2017-06-13 12:59:10][org.springframework.context.support.GenericApplicationContext]Closing org.springframework.context.support.GenericApplicationContext@36b98809: startup date [Tue Jun 13 12:59:09 CST 2017]; root of context hierarchy
  [INFO] [2017-06-13 13:01:09][org.springframework.beans.factory.xml.XmlBeanDefinitionReader]Loading XML bean definitions from class path resource [spring/spring-mybatis.xml]
  [INFO] [2017-06-13 13:01:09][org.springframework.context.support.GenericApplicationContext]Refreshing org.springframework.context.support.GenericApplicationContext@36b98809: startup date [Tue Jun 13 13:01:09 CST 2017]; root of context hierarchy
  [INFO] [2017-06-13 13:01:09][org.springframework.beans.factory.config.PropertyPlaceholderConfigurer]Loading properties file from class path resource [jdbc.properties]
  [INFO] [2017-06-13 13:01:09][org.springframework.beans.factory.annotation.AutowiredAnnotationBeanPostProcessor]JSR-330 'javax.inject.Inject' annotation found and supported for autowiring
  [INFO] [2017-06-13 13:01:10][org.springframework.beans.factory.xml.XmlBeanDefinitionReader]Loading XML bean definitions from class path resource [org/springframework/jdbc/support/sql-error-codes.xml]
  [INFO] [2017-06-13 13:01:10][org.springframework.jdbc.support.SQLErrorCodesFactory]SQLErrorCodes loaded: [DB2, Derby, H2, HSQL, Informix, MS-SQL, MySQL, Oracle, PostgreSQL, Sybase]
  [INFO] [2017-06-13 13:01:10][org.springframework.context.support.GenericApplicationContext]Closing org.springframework.context.support.GenericApplicationContext@36b98809: startup date [Tue Jun 13 13:01:09 CST 2017]; root of context hierarchy
  [INFO] [2017-06-13 13:01:34][org.springframework.beans.factory.xml.XmlBeanDefinitionReader]Loading XML bean definitions from class path resource [spring/spring-mybatis.xml]
  [INFO] [2017-06-13 13:01:34][org.springframework.context.support.GenericApplicationContext]Refreshing org.springframework.context.support.GenericApplicationContext@5c33e2dc: startup date [Tue Jun 13 13:01:34 CST 2017]; root of context hierarchy
  [INFO] [2017-06-13 13:01:34][org.springframework.beans.factory.config.PropertyPlaceholderConfigurer]Loading properties file from class path resource [jdbc.properties]
  [INFO] [2017-06-13 13:01:34][org.springframework.beans.factory.annotation.AutowiredAnnotationBeanPostProcessor]JSR-330 'javax.inject.Inject' annotation found and supported for autowiring
  [INFO] [2017-06-13 13:01:35][org.springframework.context.support.GenericApplicationContext]Closing org.springframework.context.support.GenericApplicationContext@5c33e2dc: startup date [Tue Jun 13 13:01:34 CST 2017]; root of context hierarchy
  [INFO] [2017-06-13 15:06:48][org.springframework.beans.factory.xml.XmlBeanDefinitionReader]Loading XML bean definitions from class path resource [spring/spring-mybatis.xml]
  [INFO] [2017-06-13 15:06:49][org.springframework.context.support.GenericApplicationContext]Refreshing org.springframework.context.support.GenericApplicationContext@4e9222f0: startup date [Tue Jun 13 15:06:49 CST 2017]; root of context hierarchy
  [INFO] [2017-06-13 15:06:49][org.springframework.beans.factory.config.PropertyPlaceholderConfigurer]Loading properties file from class path resource [jdbc.properties]
  [INFO] [2017-06-13 15:06:49][org.springframework.beans.factory.annotation.AutowiredAnnotationBeanPostProcessor]JSR-330 'javax.inject.Inject' annotation found and supported for autowiring
  [INFO] [2017-06-13 15:06:50][org.springframework.context.support.GenericApplicationContext]Closing org.springframework.context.support.GenericApplicationContext@4e9222f0: startup date [Tue Jun 13 15:06:49 CST 2017]; root of context hierarchy
  [INFO] [2017-06-13 15:08:48][org.springframework.beans.factory.xml.XmlBeanDefinitionReader]Loading XML bean definitions from class path resource [spring/spring-mybatis.xml]
  [INFO] [2017-06-13 15:08:48][org.springframework.context.support.GenericApplicationContext]Refreshing org.springframework.context.support.GenericApplicationContext@5c33e2dc: startup date [Tue Jun 13 15:08:48 CST 2017]; root of context hierarchy
  [INFO] [2017-06-13 15:08:48][org.springframework.beans.factory.config.PropertyPlaceholderConfigurer]Loading properties file from class path resource [jdbc.properties]
  [INFO] [2017-06-13 15:08:48][org.springframework.beans.factory.annotation.AutowiredAnnotationBeanPostProcessor]JSR-330 'javax.inject.Inject' annotation found and supported for autowiring
  [INFO] [2017-06-13 15:08:49][org.springframework.context.support.GenericApplicationContext]Closing org.springframework.context.support.GenericApplicationContext@5c33e2dc: startup date [Tue Jun 13 15:08:48 CST 2017]; root of context hierarchy
  